<?xml version="1.0" encoding="UTF-8"?>
<!-- Generated by org.testng.reporters.JUnitReportReporter -->
<testsuite hostname="HTPD-912" failures="0" tests="3" name="seleniumTest.AppTest" time="55.397" errors="0" timestamp="2020-04-30T18:43:19 IST" skipped="0">
  <testcase classname="seleniumTest.AppTest" name="loginInvalid" time="50.619"/>
  <system-out/>
  <testcase classname="seleniumTest.AppTest" name="loginValid" time="4.622"/>
  <system-out/>
  <testcase classname="seleniumTest.AppTest" name="tearDown" time="0.156"/>
  <system-out/>
</testsuite> <!-- seleniumTest.AppTest -->
