<?xml version="1.0" encoding="UTF-8"?>
<!-- Generated by org.testng.reporters.JUnitReportReporter -->
<testsuite hostname="HTPD-912" failures="0" tests="3" name="seleniumTest.AppTest" time="12.577" errors="0" timestamp="2020-04-30T17:48:14 IST" skipped="0">
  <testcase classname="seleniumTest.AppTest" name="loginInvalid" time="3.357"/>
  <system-out>
loginInvalid: test case started The name of the testcase passed is: loginInvalid  </system-out>
  <testcase classname="seleniumTest.AppTest" name="loginValid" time="9.043"/>
  <system-out>
loginValid: test case started The name of the testcase passed is: loginValid  </system-out>
  <testcase classname="seleniumTest.AppTest" name="tearDown" time="0.177"/>
  <system-out>
tearDown: test case started The name of the testcase passed is: tearDown  </system-out>
</testsuite> <!-- seleniumTest.AppTest -->
