<?xml version="1.0" encoding="UTF-8"?>
<!-- Generated by org.testng.reporters.JUnitReportReporter -->
<testsuite hostname="HTPD-912" failures="0" tests="3" name="seleniumTest.AppTest" time="22.878" errors="0" timestamp="2020-04-30T11:58:03 IST" skipped="0">
  <testcase classname="seleniumTest.AppTest" name="loginInvalid" time="1.977"/>
  <system-out/>
  <testcase classname="seleniumTest.AppTest" name="loginValid" time="16.208"/>
  <system-out/>
  <testcase classname="seleniumTest.AppTest" name="tearDown" time="4.693"/>
  <system-out/>
</testsuite> <!-- seleniumTest.AppTest -->
